Arguments: 
  /home/fabio/.nvm/versions/node/v14.16.0/bin/node /home/fabio/.nvm/versions/node/v14.16.0/bin/yarn

PATH: 
  /home/fabio/.nvm/versions/node/v14.16.0/bin:/usr/local/sbin:/usr/local/bin:/usr/sbin:/usr/bin:/sbin:/bin:/usr/games:/usr/local/games:/snap/bin

Yarn version: 
  1.22.17

Node version: 
  14.16.0

Platform: 
  linux x64

Trace: 
  Error: https://registry.yarnpkg.com/@mui/icons-material/-/icons-material-5.8.4.tgz: ESOCKETTIMEDOUT
      at ClientRequest.<anonymous> (/home/fabio/.nvm/versions/node/v14.16.0/lib/node_modules/yarn/lib/cli.js:141510:19)
      at Object.onceWrapper (events.js:421:28)
      at ClientRequest.emit (events.js:315:20)
      at TLSSocket.emitRequestTimeout (_http_client.js:784:9)
      at Object.onceWrapper (events.js:421:28)
      at TLSSocket.emit (events.js:327:22)
      at TLSSocket.Socket._onTimeout (net.js:483:8)
      at listOnTimeout (internal/timers.js:554:17)
      at processTimers (internal/timers.js:497:7)

npm manifest: 
  {
    "name": "soft-drive",
    "version": "0.1.0",
    "private": true,
    "dependencies": {
      "@emotion/react": "^11.9.0",
      "@emotion/styled": "^11.8.1",
      "@mui/icons-material": "^5.6.2",
      "@mui/material": "^5.6.2",
      "@testing-library/jest-dom": "^5.16.2",
      "@testing-library/react": "^12.1.4",
      "@testing-library/user-event": "^13.5.0",
      "@types/jest": "^27.4.1",
      "@types/node": "^16.11.26",
      "@types/react": "^17.0.40",
      "@types/react-dom": "^17.0.13",
      "@types/react-router-dom": "^5.3.3",
      "axios": "^0.26.1",
      "js-file-download": "^0.4.12",
      "react": "^17.0.2",
      "react-alert-template-basic": "^1.0.2",
      "react-dom": "^17.0.2",
      "react-drag-drop-files": "^2.3.5",
      "react-router-dom": "^6.2.2",
      "react-scripts": "5.0.0",
      "react-use": "^17.3.2",
      "styled-components": "^5.3.3",
      "typescript": "^4.6.2",
      "web-vitals": "^2.1.4"
    },
    "scripts": {
      "start": "react-scripts start",
      "build": "react-scripts build",
      "test": "jest --watchAll src/tests",
      "eject": "react-scripts eject"
    },
    "eslintConfig": {
      "extends": [
        "react-app",
        "react-app/jest"
      ]
    },
    "browserslist": {
      "production": [
        ">0.2%",
        "not dead",
        "not op_mini all"
      ],
      "development": [
        "last 1 chrome version",
        "last 1 firefox version",
        "last 1 safari version"
      ]
    },
    "devDependencies": {
      "@types/styled-components": "^5.1.24"
    }
  }

yarn manifest: 
  No manifest

Lockfile: 
  No lockfile
